<?xml version="1.0" encoding="UTF-8"?>
<!-- Generated by org.testng.reporters.JUnitXMLReporter -->
<testsuite ignored="0" hostname="CAMI-PC" failures="0" tests="4" name="Test" time="30.221" errors="0" timestamp="2023-05-30T21:00:39 ART">
  <testcase classname="Edit.EducacionIT.Clase4Test" name="registrarUsuario" time="14.937"/>
  <testcase classname="Edit.EducacionIT.AppTest" name="shouldAnswerWithTrue" time="0.001"/>
  <testcase classname="Edit.EducacionIT.Clase2test" name="buscarPalabraChrome" time="8.265"/>
  <testcase classname="Edit.EducacionIT.Clase2test" name="buscarPalabraFirefox" time="6.98"/>
</testsuite> <!-- Test -->
